{"level":"debug","message":"deleted suuid: QVGasd","timestamp":"2024-01-15T12:40:24.454Z"}
{"level":"debug","message":"deleted suuid: aaaaaa","timestamp":"2024-01-15T12:41:38.308Z"}
{"level":"warn","message":"user tried to delete following suuid: nnnnnn","timestamp":"2024-01-15T12:43:19.887Z"}
{"level":"error","message":"ERROR: database does not exist","timestamp":"2024-01-15T12:47:18.012Z"}
{"level":"error","message":"ERROR: database does not exist","timestamp":"2024-01-15T12:50:49.785Z"}
{"level":"error","message":"ERROR: database does not exist","timestamp":"2024-01-15T12:58:05.050Z"}
{"level":"error","message":"ERROR: database does not exist","timestamp":"2024-01-15T13:00:17.778Z"}
{"contentLength":"1001","level":"http","message":"incoming-request","method":"GET","remoteAddr":"::1","responseTime":"2.092","status":"200","timestamp":"2024-01-15T13:06:27.529Z","url":"/api/flashcards"}
{"contentLength":"1001","level":"http","message":"incoming-request","method":"GET","remoteAddr":"::ffff:127.0.0.1","responseTime":"0.415","status":"200","timestamp":"2024-01-15T13:08:18.116Z","url":"/api/flashcards"}
{"contentLength":"67","level":"http","message":"incoming-request","method":"POST","remoteAddr":"::1","responseTime":"3.482","status":"201","timestamp":"2024-01-15T13:11:34.759Z","url":"/api/flashcards"}
{"contentLength":"140","level":"http","message":"incoming-request","method":"POST","remoteAddr":"::1","responseTime":"1.321","status":"404","timestamp":"2024-01-15T13:12:23.286Z","url":"/"}
{"contentLength":"42","level":"http","message":"incoming-request","method":"GET","remoteAddr":"::1","responseTime":"1.240","status":"200","timestamp":"2024-01-15T13:12:33.658Z","url":"/"}
{"contentLength":"1069","level":"http","message":"incoming-request","method":"GET","remoteAddr":"::1","responseTime":"0.401","status":"200","timestamp":"2024-01-15T13:12:44.560Z","url":"/api/flashcards"}
{"contentLength":"1069","level":"http","message":"incoming-request","method":"GET","remoteAddr":"::1","responseTime":"1.950","status":"200","timestamp":"2024-01-15T13:18:26.903Z","url":"/api/flashcards"}
{"contentLength":"94","level":"http","message":"incoming-request","method":"POST","remoteAddr":"::1","responseTime":"4.151","status":"201","timestamp":"2024-01-15T13:18:35.560Z","url":"/api/flashcards"}
{"contentLength":"105","level":"http","message":"incoming-request","method":"POST","remoteAddr":"::1","responseTime":"7.819","status":"201","timestamp":"2024-01-15T13:20:06.298Z","url":"/api/flashcards"}
{"contentLength":"162","level":"http","message":"incoming-request","method":"GET","remoteAddr":"::1","responseTime":"1.996","status":"404","timestamp":"2024-01-15T13:59:51.274Z","url":"/api/learn101/flashcards"}
{"contentLength":"1270","level":"http","message":"incoming-request","method":"GET","remoteAddr":"::1","responseTime":"1.944","status":"200","timestamp":"2024-01-15T13:59:58.058Z","url":"/api/flashcards"}
{"contentLength":"166","level":"http","message":"incoming-request","method":"GET","remoteAddr":"::1","responseTime":"2.499","status":"400","timestamp":"2024-01-15T14:03:31.652Z","url":"/api/flashcards/info"}
{"contentLength":"163","level":"http","message":"incoming-request","method":"GET","remoteAddr":"::1","responseTime":"2.832","status":"404","timestamp":"2024-01-15T14:04:12.462Z","url":"/api/flashcards/info/logs"}
{"contentLength":"8","level":"http","message":"incoming-request","method":"GET","remoteAddr":"::1","responseTime":"2.033","status":"200","timestamp":"2024-01-15T14:04:54.275Z","url":"/api/flashcards/info"}
{"contentLength":"166","level":"http","message":"incoming-request","method":"GET","remoteAddr":"::1","responseTime":"2.295","status":"400","timestamp":"2024-01-15T14:05:13.286Z","url":"/api/flashcards/info"}
{"contentLength":"8","level":"http","message":"incoming-request","method":"GET","remoteAddr":"::1","responseTime":"1.989","status":"200","timestamp":"2024-01-15T14:05:21.275Z","url":"/api/flashcards/info"}
{"contentLength":"166","level":"http","message":"incoming-request","method":"GET","remoteAddr":"::1","responseTime":"2.325","status":"400","timestamp":"2024-01-15T14:05:42.973Z","url":"/api/flashcards/info"}
{"contentLength":"14","level":"http","message":"incoming-request","method":"GET","remoteAddr":"::1","responseTime":"0.593","status":"200","timestamp":"2024-01-15T14:05:47.438Z","url":"/api/flashcards/info/logs"}
